TN:
SF:src\anagram.js
FN:1,(anonymous_0)
FN:5,formatStr
FNF:2
FNH:0
FNDA:0,(anonymous_0)
FNDA:0,formatStr
DA:1,1
DA:2,0
DA:6,0
DA:9,1
LF:4
LH:2
BRF:0
BRH:0
end_of_record
TN:
SF:src\calculator.js
FN:1,(anonymous_0)
FN:5,(anonymous_1)
FN:9,(anonymous_2)
FN:13,(anonymous_3)
FN:17,(anonymous_4)
FN:21,(anonymous_5)
FNF:6
FNH:5
FNDA:1,(anonymous_0)
FNDA:1,(anonymous_1)
FNDA:1,(anonymous_2)
FNDA:1,(anonymous_3)
FNDA:2,(anonymous_4)
FNDA:0,(anonymous_5)
DA:1,1
DA:2,1
DA:5,1
DA:6,1
DA:9,1
DA:10,1
DA:13,1
DA:14,1
DA:17,1
DA:18,2
DA:21,1
DA:22,0
DA:25,1
LF:13
LH:12
BRF:0
BRH:0
end_of_record
TN:
SF:src\cnh.js
FN:1,(anonymous_0)
FNF:1
FNH:1
FNDA:2,(anonymous_0)
DA:1,1
DA:2,2
DA:5,1
LF:3
LH:3
BRF:0
BRH:0
end_of_record
